<?xml version="1.0" encoding="UTF-8"?>
<testng-results skipped="0" failed="0" ignored="0" total="1" passed="1">
  <reporter-output>
  </reporter-output>
  <suite name="Suite" duration-ms="44428" started-at="2022-01-24T21:50:56 EST" finished-at="2022-01-24T21:51:41 EST">
    <groups>
    </groups>
    <test name="Test" duration-ms="44428" started-at="2022-01-24T21:50:56 EST" finished-at="2022-01-24T21:51:41 EST">
      <class name="com.Amazon.Test_Scripts.HomePageTest">
        <test-method status="PASS" signature="beforeClass()[pri:0, instance:com.Amazon.Test_Scripts.HomePageTest@687080dc]" name="beforeClass" is-config="true" duration-ms="12" started-at="2022-01-24T21:50:56 EST" finished-at="2022-01-24T21:50:56 EST">
          <reporter-output>
          </reporter-output>
        </test-method> <!-- beforeClass -->
        <test-method status="PASS" signature="setUp()[pri:0, instance:com.Amazon.Test_Scripts.HomePageTest@687080dc]" name="setUp" is-config="true" duration-ms="6792" started-at="2022-01-24T21:50:56 EST" finished-at="2022-01-24T21:51:03 EST">
          <reporter-output>
          </reporter-output>
        </test-method> <!-- setUp -->
        <test-method status="PASS" signature="searchTest()[pri:0, instance:com.Amazon.Test_Scripts.HomePageTest@687080dc]" name="searchTest" duration-ms="35738" started-at="2022-01-24T21:51:03 EST" finished-at="2022-01-24T21:51:39 EST">
          <reporter-output>
          </reporter-output>
        </test-method> <!-- searchTest -->
        <test-method status="PASS" signature="tearDown()[pri:0, instance:com.Amazon.Test_Scripts.HomePageTest@687080dc]" name="tearDown" is-config="true" duration-ms="350" started-at="2022-01-24T21:51:39 EST" finished-at="2022-01-24T21:51:40 EST">
          <reporter-output>
          </reporter-output>
        </test-method> <!-- tearDown -->
        <test-method status="PASS" signature="afterClass()[pri:0, instance:com.Amazon.Test_Scripts.HomePageTest@687080dc]" name="afterClass" is-config="true" duration-ms="970" started-at="2022-01-24T21:51:40 EST" finished-at="2022-01-24T21:51:41 EST">
          <reporter-output>
          </reporter-output>
        </test-method> <!-- afterClass -->
      </class> <!-- com.Amazon.Test_Scripts.HomePageTest -->
    </test> <!-- Test -->
  </suite> <!-- Suite -->
</testng-results>
